<?xml version="1.0" encoding="UTF-8"?>
<testsuite name="com.tyt.TrailYourTrailsApiApplicationTests" tests="1" skipped="0" failures="0" errors="0" timestamp="2022-01-10T11:07:50" hostname="CPX-T3R366Y1GSF" time="0.004">
  <properties/>
  <testcase name="contextLoads" classname="com.tyt.TrailYourTrailsApiApplicationTests" time="0.004"/>
  <system-out><![CDATA[13:07:47.767 [Test worker] DEBUG o.s.t.c.j.SpringJUnit4ClassRunner - SpringJUnit4ClassRunner constructor called with [class com.tyt.TrailYourTrailsApiApplicationTests]
13:07:47.774 [Test worker] DEBUG o.s.test.context.BootstrapUtils - Instantiating TestContextBootstrapper from class [org.springframework.test.context.web.WebTestContextBootstrapper]
13:07:47.791 [Test worker] DEBUG o.s.t.c.w.WebTestContextBootstrapper - Found explicit ContextLoader class [org.springframework.boot.test.SpringApplicationContextLoader] for context configuration attributes [ContextConfigurationAttributes@7ab607d4 declaringClass = 'com.tyt.TrailYourTrailsApiApplicationTests', classes = '{class com.tyt.TrailYourTrailsApiApplication}', locations = '{}', inheritLocations = true, initializers = '{}', inheritInitializers = true, name = [null], contextLoaderClass = 'org.springframework.boot.test.SpringApplicationContextLoader']
13:07:47.799 [Test worker] DEBUG o.s.t.c.support.ActiveProfilesUtils - Could not find an 'annotation declaring class' for annotation type [org.springframework.test.context.ActiveProfiles] and class [com.tyt.TrailYourTrailsApiApplicationTests]
13:07:47.804 [Test worker] DEBUG o.s.t.c.w.WebTestContextBootstrapper - @TestExecutionListeners is not present for class [com.tyt.TrailYourTrailsApiApplicationTests]: using defaults.
13:07:47.812 [Test worker] INFO  o.s.t.c.w.WebTestContextBootstrapper - Loaded default TestExecutionListener class names from location [META-INF/spring.factories]: [org.springframework.test.context.web.ServletTestExecutionListener, org.springframework.test.context.support.DependencyInjectionTestExecutionListener, org.springframework.test.context.support.DirtiesContextTestExecutionListener, org.springframework.test.context.transaction.TransactionalTestExecutionListener, org.springframework.test.context.jdbc.SqlScriptsTestExecutionListener]
13:07:47.833 [Test worker] INFO  o.s.t.c.w.WebTestContextBootstrapper - Using TestExecutionListeners: [org.springframework.test.context.web.ServletTestExecutionListener@31f02a9d, org.springframework.test.context.support.DependencyInjectionTestExecutionListener@51467082, org.springframework.test.context.support.DirtiesContextTestExecutionListener@6ef500f1, org.springframework.test.context.transaction.TransactionalTestExecutionListener@774b5a4e, org.springframework.test.context.jdbc.SqlScriptsTestExecutionListener@47df22f8]
13:07:47.836 [Test worker] DEBUG o.s.t.annotation.ProfileValueUtils - Retrieved @ProfileValueSourceConfiguration [null] for test class [com.tyt.TrailYourTrailsApiApplicationTests]
13:07:47.837 [Test worker] DEBUG o.s.t.annotation.ProfileValueUtils - Retrieved ProfileValueSource type [class org.springframework.test.annotation.SystemProfileValueSource] for class [com.tyt.TrailYourTrailsApiApplicationTests]
13:07:47.838 [Test worker] DEBUG o.s.t.annotation.ProfileValueUtils - Retrieved @ProfileValueSourceConfiguration [null] for test class [com.tyt.TrailYourTrailsApiApplicationTests]
13:07:47.838 [Test worker] DEBUG o.s.t.annotation.ProfileValueUtils - Retrieved ProfileValueSource type [class org.springframework.test.annotation.SystemProfileValueSource] for class [com.tyt.TrailYourTrailsApiApplicationTests]
13:07:47.841 [Test worker] DEBUG o.s.t.annotation.ProfileValueUtils - Retrieved @ProfileValueSourceConfiguration [null] for test class [com.tyt.TrailYourTrailsApiApplicationTests]
13:07:47.842 [Test worker] DEBUG o.s.t.annotation.ProfileValueUtils - Retrieved ProfileValueSource type [class org.springframework.test.annotation.SystemProfileValueSource] for class [com.tyt.TrailYourTrailsApiApplicationTests]
13:07:47.908 [Test worker] DEBUG o.s.core.env.StandardEnvironment - Adding [systemProperties] PropertySource with lowest search precedence
13:07:47.911 [Test worker] DEBUG o.s.core.env.StandardEnvironment - Adding [systemEnvironment] PropertySource with lowest search precedence
13:07:47.911 [Test worker] DEBUG o.s.core.env.StandardEnvironment - Initialized StandardEnvironment with PropertySources [systemProperties,systemEnvironment]
13:07:47.912 [Test worker] DEBUG o.s.core.env.StandardEnvironment - Adding [integrationTest] PropertySource with search precedence immediately lower than [systemEnvironment]

  .   ____          _            __ _ _
 /\\ / ___'_ __ _ _(_)_ __  __ _ \ \ \ \
( ( )\___ | '_ | '_| | '_ \/ _` | \ \ \ \
 \\/  ___)| |_)| | | | | || (_| |  ) ) ) )
  '  |____| .__|_| |_|_| |_\__, | / / / /
 =========|_|==============|___/=/_/_/_/
 :: Spring Boot ::        (v1.2.7.RELEASE)

2022-01-10 13:07:48.091  INFO 700 --- [    Test worker] c.t.TrailYourTrailsApiApplicationTests   : Starting TrailYourTrailsApiApplicationTests on CPX-T3R366Y1GSF with PID 700 (C:\Training-projects\tyt-api-repo\build\classes\test started by p.karppinen in C:\Training-projects\tyt-api-repo)
2022-01-10 13:07:48.140  INFO 700 --- [    Test worker] o.s.w.c.s.GenericWebApplicationContext   : Refreshing org.springframework.web.context.support.GenericWebApplicationContext@175ed659: startup date [Mon Jan 10 13:07:48 EET 2022]; root of context hierarchy
2022-01-10 13:07:48.656  INFO 700 --- [    Test worker] o.s.b.f.s.DefaultListableBeanFactory     : Overriding bean definition for bean 'beanNameViewResolver': replacing [Root bean: class [null]; scope=; abstract=false; lazyInit=false; autowireMode=3; dependencyCheck=0; autowireCandidate=true; primary=false; factoryBeanName=org.springframework.boot.autoconfigure.web.ErrorMvcAutoConfiguration$WhitelabelErrorViewConfiguration; factoryMethodName=beanNameViewResolver; initMethodName=null; destroyMethodName=(inferred); defined in class path resource [org/springframework/boot/autoconfigure/web/ErrorMvcAutoConfiguration$WhitelabelErrorViewConfiguration.class]] with [Root bean: class [null]; scope=; abstract=false; lazyInit=false; autowireMode=3; dependencyCheck=0; autowireCandidate=true; primary=false; factoryBeanName=org.springframework.boot.autoconfigure.web.WebMvcAutoConfiguration$WebMvcAutoConfigurationAdapter; factoryMethodName=beanNameViewResolver; initMethodName=null; destroyMethodName=(inferred); defined in class path resource [org/springframework/boot/autoconfigure/web/WebMvcAutoConfiguration$WebMvcAutoConfigurationAdapter.class]]
2022-01-10 13:07:50.319  INFO 700 --- [    Test worker] s.w.s.m.m.a.RequestMappingHandlerAdapter : Looking for @ControllerAdvice: org.springframework.web.context.support.GenericWebApplicationContext@175ed659: startup date [Mon Jan 10 13:07:48 EET 2022]; root of context hierarchy
2022-01-10 13:07:50.374  INFO 700 --- [    Test worker] s.w.s.m.m.a.RequestMappingHandlerMapping : Mapped "{[/api/trails/],methods=[GET]}" onto public java.util.List<com.tyt.dto.Trail> com.tyt.rest.controllers.TytController.getAllTrails()
2022-01-10 13:07:50.374  INFO 700 --- [    Test worker] s.w.s.m.m.a.RequestMappingHandlerMapping : Mapped "{[/api/trails],methods=[PUT]}" onto public com.tyt.dto.Trail com.tyt.rest.controllers.TytController.updateTrail(com.tyt.dto.Trail) throws com.tyt.rest.controllers.exceptions.TrailNotFoundException
2022-01-10 13:07:50.375  INFO 700 --- [    Test worker] s.w.s.m.m.a.RequestMappingHandlerMapping : Mapped "{[/api/trails],methods=[POST]}" onto public com.tyt.dto.Trail com.tyt.rest.controllers.TytController.addNewTrail(com.tyt.dto.Trail) throws com.tyt.rest.controllers.exceptions.DublicateTrailException
2022-01-10 13:07:50.375  INFO 700 --- [    Test worker] s.w.s.m.m.a.RequestMappingHandlerMapping : Mapped "{[/api/trails/{title}],methods=[GET]}" onto public com.tyt.dto.Trail com.tyt.rest.controllers.TytController.getTrailByTitle(java.lang.String)
2022-01-10 13:07:50.375  INFO 700 --- [    Test worker] s.w.s.m.m.a.RequestMappingHandlerMapping : Mapped "{[/api/trails/{id}],methods=[DELETE]}" onto public void com.tyt.rest.controllers.TytController.deleteTrail(java.lang.String) throws java.lang.IllegalArgumentException
2022-01-10 13:07:50.376  INFO 700 --- [    Test worker] s.w.s.m.m.a.RequestMappingHandlerMapping : Mapped "{[/error]}" onto public org.springframework.http.ResponseEntity<java.util.Map<java.lang.String, java.lang.Object>> org.springframework.boot.autoconfigure.web.BasicErrorController.error(javax.servlet.http.HttpServletRequest)
2022-01-10 13:07:50.376  INFO 700 --- [    Test worker] s.w.s.m.m.a.RequestMappingHandlerMapping : Mapped "{[/error],produces=[text/html]}" onto public org.springframework.web.servlet.ModelAndView org.springframework.boot.autoconfigure.web.BasicErrorController.errorHtml(javax.servlet.http.HttpServletRequest)
2022-01-10 13:07:50.396  INFO 700 --- [    Test worker] o.s.w.s.handler.SimpleUrlHandlerMapping  : Mapped URL path [/webjars/**] onto handler of type [class org.springframework.web.servlet.resource.ResourceHttpRequestHandler]
2022-01-10 13:07:50.397  INFO 700 --- [    Test worker] o.s.w.s.handler.SimpleUrlHandlerMapping  : Mapped URL path [/**] onto handler of type [class org.springframework.web.servlet.resource.ResourceHttpRequestHandler]
2022-01-10 13:07:50.423  INFO 700 --- [    Test worker] o.s.w.s.handler.SimpleUrlHandlerMapping  : Mapped URL path [/**/favicon.ico] onto handler of type [class org.springframework.web.servlet.resource.ResourceHttpRequestHandler]
2022-01-10 13:07:50.476  INFO 700 --- [    Test worker] c.t.TrailYourTrailsApiApplicationTests   : Started TrailYourTrailsApiApplicationTests in 2.554 seconds (JVM running for 3.855)
]]></system-out>
  <system-err><![CDATA[]]></system-err>
</testsuite>
