<?xml version="1.0" encoding="UTF-8"?>
<testsuite name="com.tyt.TrailYourTrailsApiApplicationTests" tests="1" skipped="0" failures="0" errors="0" timestamp="2015-11-24T10:21:00" hostname="MW71U7SEHO7WLK" time="0.008">
  <properties/>
  <testcase name="contextLoads" classname="com.tyt.TrailYourTrailsApiApplicationTests" time="0.008"/>
  <system-out><![CDATA[12:20:56.495 [Test worker] DEBUG o.s.t.c.j.SpringJUnit4ClassRunner - SpringJUnit4ClassRunner constructor called with [class com.tyt.TrailYourTrailsApiApplicationTests]
12:20:56.505 [Test worker] DEBUG o.s.test.context.BootstrapUtils - Instantiating TestContextBootstrapper from class [org.springframework.test.context.web.WebTestContextBootstrapper]
12:20:56.526 [Test worker] DEBUG o.s.t.c.w.WebTestContextBootstrapper - Found explicit ContextLoader class [org.springframework.boot.test.SpringApplicationContextLoader] for context configuration attributes [ContextConfigurationAttributes@1683d070 declaringClass = 'com.tyt.TrailYourTrailsApiApplicationTests', classes = '{class com.tyt.TrailYourTrailsApiApplication}', locations = '{}', inheritLocations = true, initializers = '{}', inheritInitializers = true, name = [null], contextLoaderClass = 'org.springframework.boot.test.SpringApplicationContextLoader']
12:20:56.538 [Test worker] DEBUG o.s.t.c.support.ActiveProfilesUtils - Could not find an 'annotation declaring class' for annotation type [org.springframework.test.context.ActiveProfiles] and class [com.tyt.TrailYourTrailsApiApplicationTests]
12:20:56.542 [Test worker] DEBUG o.s.t.c.w.WebTestContextBootstrapper - @TestExecutionListeners is not present for class [com.tyt.TrailYourTrailsApiApplicationTests]: using defaults.
12:20:56.555 [Test worker] INFO  o.s.t.c.w.WebTestContextBootstrapper - Loaded default TestExecutionListener class names from location [META-INF/spring.factories]: [org.springframework.test.context.web.ServletTestExecutionListener, org.springframework.test.context.support.DependencyInjectionTestExecutionListener, org.springframework.test.context.support.DirtiesContextTestExecutionListener, org.springframework.test.context.transaction.TransactionalTestExecutionListener, org.springframework.test.context.jdbc.SqlScriptsTestExecutionListener]
12:20:56.579 [Test worker] INFO  o.s.t.c.w.WebTestContextBootstrapper - Using TestExecutionListeners: [org.springframework.test.context.web.ServletTestExecutionListener@25ecaa1f, org.springframework.test.context.support.DependencyInjectionTestExecutionListener@5494ecac, org.springframework.test.context.support.DirtiesContextTestExecutionListener@7d3e3b95, org.springframework.test.context.transaction.TransactionalTestExecutionListener@b9f370, org.springframework.test.context.jdbc.SqlScriptsTestExecutionListener@301d3e6f]
12:20:56.582 [Test worker] DEBUG o.s.t.annotation.ProfileValueUtils - Retrieved @ProfileValueSourceConfiguration [null] for test class [com.tyt.TrailYourTrailsApiApplicationTests]
12:20:56.583 [Test worker] DEBUG o.s.t.annotation.ProfileValueUtils - Retrieved ProfileValueSource type [class org.springframework.test.annotation.SystemProfileValueSource] for class [com.tyt.TrailYourTrailsApiApplicationTests]
12:20:56.584 [Test worker] DEBUG o.s.t.annotation.ProfileValueUtils - Retrieved @ProfileValueSourceConfiguration [null] for test class [com.tyt.TrailYourTrailsApiApplicationTests]
12:20:56.584 [Test worker] DEBUG o.s.t.annotation.ProfileValueUtils - Retrieved ProfileValueSource type [class org.springframework.test.annotation.SystemProfileValueSource] for class [com.tyt.TrailYourTrailsApiApplicationTests]
12:20:56.587 [Test worker] DEBUG o.s.t.annotation.ProfileValueUtils - Retrieved @ProfileValueSourceConfiguration [null] for test class [com.tyt.TrailYourTrailsApiApplicationTests]
12:20:56.587 [Test worker] DEBUG o.s.t.annotation.ProfileValueUtils - Retrieved ProfileValueSource type [class org.springframework.test.annotation.SystemProfileValueSource] for class [com.tyt.TrailYourTrailsApiApplicationTests]
12:20:56.667 [Test worker] DEBUG o.s.core.env.StandardEnvironment - Adding [systemProperties] PropertySource with lowest search precedence
12:20:56.669 [Test worker] DEBUG o.s.core.env.StandardEnvironment - Adding [systemEnvironment] PropertySource with lowest search precedence
12:20:56.669 [Test worker] DEBUG o.s.core.env.StandardEnvironment - Initialized StandardEnvironment with PropertySources [systemProperties,systemEnvironment]
12:20:56.671 [Test worker] DEBUG o.s.core.env.StandardEnvironment - Adding [integrationTest] PropertySource with search precedence immediately lower than [systemEnvironment]

  .   ____          _            __ _ _
 /\\ / ___'_ __ _ _(_)_ __  __ _ \ \ \ \
( ( )\___ | '_ | '_| | '_ \/ _` | \ \ \ \
 \\/  ___)| |_)| | | | | || (_| |  ) ) ) )
  '  |____| .__|_| |_|_| |_\__, | / / / /
 =========|_|==============|___/=/_/_/_/
 :: Spring Boot ::        (v1.2.7.RELEASE)

2015-11-24 12:20:56.929  INFO 4084 --- [    Test worker] c.t.TrailYourTrailsApiApplicationTests   : Starting TrailYourTrailsApiApplicationTests on MW71U7SEHO7WLK with PID 4084 (C:\Eclipse\workspaces\trail-your-trails-api\build\classes\test started by p.karppinen in C:\Eclipse\workspaces\trail-your-trails-api)
2015-11-24 12:20:56.997  INFO 4084 --- [    Test worker] o.s.w.c.s.GenericWebApplicationContext   : Refreshing org.springframework.web.context.support.GenericWebApplicationContext@134e849c: startup date [Tue Nov 24 12:20:56 EET 2015]; root of context hierarchy
2015-11-24 12:20:57.918  INFO 4084 --- [    Test worker] o.s.b.f.s.DefaultListableBeanFactory     : Overriding bean definition for bean 'beanNameViewResolver': replacing [Root bean: class [null]; scope=; abstract=false; lazyInit=false; autowireMode=3; dependencyCheck=0; autowireCandidate=true; primary=false; factoryBeanName=org.springframework.boot.autoconfigure.web.ErrorMvcAutoConfiguration$WhitelabelErrorViewConfiguration; factoryMethodName=beanNameViewResolver; initMethodName=null; destroyMethodName=(inferred); defined in class path resource [org/springframework/boot/autoconfigure/web/ErrorMvcAutoConfiguration$WhitelabelErrorViewConfiguration.class]] with [Root bean: class [null]; scope=; abstract=false; lazyInit=false; autowireMode=3; dependencyCheck=0; autowireCandidate=true; primary=false; factoryBeanName=org.springframework.boot.autoconfigure.web.WebMvcAutoConfiguration$WebMvcAutoConfigurationAdapter; factoryMethodName=beanNameViewResolver; initMethodName=null; destroyMethodName=(inferred); defined in class path resource [org/springframework/boot/autoconfigure/web/WebMvcAutoConfiguration$WebMvcAutoConfigurationAdapter.class]]
2015-11-24 12:21:00.501  INFO 4084 --- [    Test worker] s.w.s.m.m.a.RequestMappingHandlerAdapter : Looking for @ControllerAdvice: org.springframework.web.context.support.GenericWebApplicationContext@134e849c: startup date [Tue Nov 24 12:20:56 EET 2015]; root of context hierarchy
2015-11-24 12:21:00.572  INFO 4084 --- [    Test worker] s.w.s.m.m.a.RequestMappingHandlerMapping : Mapped "{[/api/trails],methods=[POST]}" onto public com.tyt.dto.Trail com.tyt.rest.controllers.TytController.addNewTrail(com.tyt.dto.Trail) throws com.tyt.rest.controllers.exceptions.DublicateTrailException
2015-11-24 12:21:00.573  INFO 4084 --- [    Test worker] s.w.s.m.m.a.RequestMappingHandlerMapping : Mapped "{[/api/trails],methods=[PUT]}" onto public com.tyt.dto.Trail com.tyt.rest.controllers.TytController.updateTrail(com.tyt.dto.Trail) throws com.tyt.rest.controllers.exceptions.TrailNotFoundException
2015-11-24 12:21:00.573  INFO 4084 --- [    Test worker] s.w.s.m.m.a.RequestMappingHandlerMapping : Mapped "{[/api/trails/],methods=[GET]}" onto public java.util.List<com.tyt.dto.Trail> com.tyt.rest.controllers.TytController.getAllTrails()
2015-11-24 12:21:00.573  INFO 4084 --- [    Test worker] s.w.s.m.m.a.RequestMappingHandlerMapping : Mapped "{[/api/trails/{id}],methods=[DELETE]}" onto public void com.tyt.rest.controllers.TytController.deleteTrail(java.lang.String) throws java.lang.IllegalArgumentException
2015-11-24 12:21:00.574  INFO 4084 --- [    Test worker] s.w.s.m.m.a.RequestMappingHandlerMapping : Mapped "{[/api/trails/{title}],methods=[GET]}" onto public com.tyt.dto.Trail com.tyt.rest.controllers.TytController.getTrailByTitle(java.lang.String)
2015-11-24 12:21:00.576  INFO 4084 --- [    Test worker] s.w.s.m.m.a.RequestMappingHandlerMapping : Mapped "{[/error]}" onto public org.springframework.http.ResponseEntity<java.util.Map<java.lang.String, java.lang.Object>> org.springframework.boot.autoconfigure.web.BasicErrorController.error(javax.servlet.http.HttpServletRequest)
2015-11-24 12:21:00.577  INFO 4084 --- [    Test worker] s.w.s.m.m.a.RequestMappingHandlerMapping : Mapped "{[/error],produces=[text/html]}" onto public org.springframework.web.servlet.ModelAndView org.springframework.boot.autoconfigure.web.BasicErrorController.errorHtml(javax.servlet.http.HttpServletRequest)
2015-11-24 12:21:00.613  INFO 4084 --- [    Test worker] o.s.w.s.handler.SimpleUrlHandlerMapping  : Mapped URL path [/**] onto handler of type [class org.springframework.web.servlet.resource.ResourceHttpRequestHandler]
2015-11-24 12:21:00.613  INFO 4084 --- [    Test worker] o.s.w.s.handler.SimpleUrlHandlerMapping  : Mapped URL path [/webjars/**] onto handler of type [class org.springframework.web.servlet.resource.ResourceHttpRequestHandler]
2015-11-24 12:21:00.672  INFO 4084 --- [    Test worker] o.s.w.s.handler.SimpleUrlHandlerMapping  : Mapped URL path [/**/favicon.ico] onto handler of type [class org.springframework.web.servlet.resource.ResourceHttpRequestHandler]
2015-11-24 12:21:00.789  INFO 4084 --- [    Test worker] c.t.TrailYourTrailsApiApplicationTests   : Started TrailYourTrailsApiApplicationTests in 4.101 seconds (JVM running for 5.149)
]]></system-out>
  <system-err><![CDATA[]]></system-err>
</testsuite>
